#
# A fatal error has been detected by the Java Runtime Environment:
#
#  SIGSEGV (0xb) at pc=0x000000010b793fa3, pid=82797, tid=0x0000000000007303
#
# JRE version: Java(TM) SE Runtime Environment (8.0_102-b14) (build 1.8.0_102-b14)
# Java VM: Java HotSpot(TM) 64-Bit Server VM (25.102-b14 mixed mode bsd-amd64 compressed oops)
# Problematic frame:
# J 6461 C2 java.io.File.<init>(Ljava/lang/String;)V (47 bytes) @ 0x000000010b793fa3 [0x000000010b793f60+0x43]
#
# Failed to write core dump. Core dumps have been disabled. To enable core dumping, try "ulimit -c unlimited" before starting Java again
#
# If you would like to submit a bug report, please visit:
#   http://bugreport.java.com/bugreport/crash.jsp
#

---------------  T H R E A D  ---------------

Current thread (0x00007fe079270000):  JavaThread "FSEvent thread" daemon [_thread_in_Java, id=29443, stack(0x00007000047e9000,0x00007000048e9000)]

siginfo: si_signo: 11 (SIGSEGV), si_code: 1 (SEGV_MAPERR), si_addr: 0x000000006ee27dc4

Registers:
RAX=0x00000001065b1720, RBX=0x00000001065b1720, RCX=0x00000007b546dec8, RDX=0x000000006ee27db8
RSP=0x00007000048e2060, RBP=0x00007000048e2128, RSI=0x00000007b546dec8, RDI=0x00000007b546ddc0
R8 =0x0000000780087ea8, R9 =0x0000000000000002, R10=0x00000001024a56f0, R11=0x000000010b793f80
R12=0x0000000000000000, R13=0x00007000048e20c8, R14=0x00007000048e2148, R15=0x00007fe079270000
RIP=0x000000010b793fa3, EFLAGS=0x0000000000010206, ERR=0x0000000000000004
  TRAPNO=0x000000000000000e

Top of Stack: (sp=0x00007000048e2060)
0x00007000048e2060:   00007000048e20c8 000000010ae9b33d
0x00007000048e2070:   000000010ae9b33d 000000010ae9b33d
0x00007000048e2080:   00000007b546ddf8 000000006ee27db8
0x00007000048e2090:   00000007b546dec8 00007000048e20e0
0x00007000048e20a0:   000000011befd880 0000000000000000
0x00007000048e20b0:   00007000048e2128 000000010ae9b33d
0x00007000048e20c0:   000000010ae9b33d 000000006ee27db8
0x00007000048e20d0:   00000007b546dec8 00000007b546dec8
0x00007000048e20e0:   000000078127c038 00007000048e20e8
0x00007000048e20f0:   000000011bf34831 00007000048e2148
0x00007000048e2100:   000000011bf353b0 0000000000000000
0x00007000048e2110:   000000011bf34870 00007000048e20c8
0x00007000048e2120:   00007000048e2138 00007000048e2190
0x00007000048e2130:   000000010ae9b33d 00000007b546ddd8
0x00007000048e2140:   00000007b546dda8 000000078127c038
0x00007000048e2150:   00007000048e2150 000000011bf352cb
0x00007000048e2160:   00007000048e21b0 000000011bf353b0
0x00007000048e2170:   0000000000000000 000000011bf35300
0x00007000048e2180:   00007000048e2138 00007000048e21a0
0x00007000048e2190:   00007000048e21f8 000000010ae9b33d
0x00007000048e21a0:   00000007b546ddd8 00000007b546dda8
0x00007000048e21b0:   000000078127c038 00007000048e21b8
0x00007000048e21c0:   000000011a502369 00007000048e2260
0x00007000048e21d0:   000000011bf2f028 0000000000000000
0x00007000048e21e0:   000000011a5027c0 00007000048e21a0
0x00007000048e21f0:   00007000048e2258 00007000048e22a8
0x00007000048e2200:   000000010ae9b33d 0000000000000000
0x00007000048e2210:   0000000000000000 0000000000000000
0x00007000048e2220:   0000000000000000 0000000000000000
0x00007000048e2230:   0000000000000000 0000000000000000
0x00007000048e2240:   00000007b546dda8 00000007b546ddd8
0x00007000048e2250:   000000078127c038 0000000000000002 

Instructions: (pc=0x000000010b793fa3)
0x000000010b793f83:   00 c0 fe ff 55 48 83 ec 50 48 89 74 24 30 44 89
0x000000010b793f93:   66 14 48 89 54 24 28 48 85 d2 0f 84 96 02 00 00
0x000000010b793fa3:   44 8b 4a 0c 45 85 c9 0f 84 f9 02 00 00 47 8b 5c
0x000000010b793fb3:   cc 0c 45 85 db 0f 8e f8 01 00 00 45 85 db 0f 86 

Register to memory mapping:

RAX={method} {0x00000001065b1720} '<init>' '(Ljava/lang/String;)V' in 'java/io/File'
RBX={method} {0x00000001065b1720} '<init>' '(Ljava/lang/String;)V' in 'java/io/File'
RCX=0x00000007b546dec8 is an oop
java.io.File 
 - klass: 'java/io/File'
RDX=0x000000006ee27db8 is an unknown value
RSP=0x00007000048e2060 is pointing into the stack for thread: 0x00007fe079270000
RBP=0x00007000048e2128 is pointing into the stack for thread: 0x00007fe079270000
RSI=0x00000007b546dec8 is an oop
java.io.File 
 - klass: 'java/io/File'
RDI=0x00000007b546ddc0 is an oop
java.util.LinkedList$Node 
 - klass: 'java/util/LinkedList$Node'
R8 =0x0000000780087ea8 is an oop
java.lang.Integer 
 - klass: 'java/lang/Integer'
R9 =0x0000000000000002 is an unknown value
R10=0x00000001024a56f0: _ZN19TemplateInterpreter20_invoke_return_entryE+0 in /Library/Java/JavaVirtualMachines/jdk1.8.0_102.jdk/Contents/Home/jre/lib/server/libjvm.dylib at 0x0000000101bb4000
R11=0x000000010b793f80 is at entry_point+32 in (nmethod*)0x000000010b793dd0
R12=0x0000000000000000 is an unknown value
R13=0x00007000048e20c8 is pointing into the stack for thread: 0x00007fe079270000
R14=0x00007000048e2148 is pointing into the stack for thread: 0x00007fe079270000
R15=0x00007fe079270000 is a thread


Stack: [0x00007000047e9000,0x00007000048e9000],  sp=0x00007000048e2060,  free space=996k
Native frames: (J=compiled Java code, j=interpreted, Vv=VM code, C=native code)
J 6461 C2 java.io.File.<init>(Ljava/lang/String;)V (47 bytes) @ 0x000000010b793fa3 [0x000000010b793f60+0x43]
j  net.contentobjects.jnotify.macosx.JNotifyAdapterMacOSX$WatchData.scan(Lnet/contentobjects/jnotify/macosx/JNotifyAdapterMacOSX$ScanJob;Lnet/contentobjects/jnotify/macosx/JNotifyAdapterMacOSX$JNEvents;)V+9
j  net.contentobjects.jnotify.macosx.JNotifyAdapterMacOSX$WatchData.access$000(Lnet/contentobjects/jnotify/macosx/JNotifyAdapterMacOSX$WatchData;Lnet/contentobjects/jnotify/macosx/JNotifyAdapterMacOSX$ScanJob;Lnet/contentobjects/jnotify/macosx/JNotifyAdapterMacOSX$JNEvents;)V+3
j  net.contentobjects.jnotify.macosx.JNotifyAdapterMacOSX.batchEndEvent(I)V+73
j  net.contentobjects.jnotify.macosx.JNotifyAdapterMacOSX$1.batchEnd(I)V+5
j  net.contentobjects.jnotify.macosx.JNotify_macosx.callbackInBatch(IZ)V+26
v  ~StubRoutines::call_stub
V  [libjvm.dylib+0x2ed5e2]
V  [libjvm.dylib+0x324771]
V  [libjvm.dylib+0x316f3f]
C  [libjnotify.jnilib+0x1585]  fsevent_callback+0x115
C  [FSEvents+0x3af3]  implementation_callback_rpc+0x75b
C  [FSEvents+0x16fe]  _Xcallback_rpc+0xfe
C  [FSEvents+0x17bc]  FSEventsD2F_server+0x37
C  [FSEvents+0x6fdd]  FSEventsClientProcessMessageCallback+0x2c
C  [CoreFoundation+0x9029d]  __CFMachPortPerform+0xfd
C  [CoreFoundation+0x90189]  __CFRUNLOOP_IS_CALLING_OUT_TO_A_SOURCE1_PERFORM_FUNCTION__+0x29
C  [CoreFoundation+0x90101]  __CFRunLoopDoSource1+0x1d1
C  [CoreFoundation+0x87d75]  __CFRunLoopRun+0x955
C  [CoreFoundation+0x871c4]  CFRunLoopRunSpecific+0x1a4
C  [CoreFoundation+0xc6c31]  CFRunLoopRun+0x61
j  net.contentobjects.jnotify.macosx.JNotify_macosx.nativeNotifyLoop()V+0
j  net.contentobjects.jnotify.macosx.JNotify_macosx.access$400()V+0
j  net.contentobjects.jnotify.macosx.JNotify_macosx$1.run()V+65
v  ~StubRoutines::call_stub
V  [libjvm.dylib+0x2ed5e2]
V  [libjvm.dylib+0x2edd70]
V  [libjvm.dylib+0x2edf1c]
V  [libjvm.dylib+0x348691]
V  [libjvm.dylib+0x56a4db]
V  [libjvm.dylib+0x56bbc8]
V  [libjvm.dylib+0x489ed2]
C  [libsystem_pthread.dylib+0x39af]  _pthread_body+0xb4
C  [libsystem_pthread.dylib+0x38fb]  _pthread_body+0x0
C  [libsystem_pthread.dylib+0x3101]  thread_start+0xd
C  0x0000000000000000


---------------  P R O C E S S  ---------------

Java Threads: ( => current thread )
  0x00007fe0761fa800 JavaThread "ForkJoinPool.commonPool-worker-0" daemon [_thread_blocked, id=28443, stack(0x0000700005716000,0x0000700005816000)]
  0x00007fe076cfc800 JavaThread "ForkJoinPool.commonPool-worker-1" daemon [_thread_blocked, id=27939, stack(0x0000700005613000,0x0000700005713000)]
  0x00007fe0778b3000 JavaThread "ForkJoinPool.commonPool-worker-2" daemon [_thread_blocked, id=43791, stack(0x0000700005207000,0x0000700005307000)]
  0x00007fe0707ea000 JavaThread "Thread-9" [_thread_blocked, id=34583, stack(0x0000700004efe000,0x0000700004ffe000)]
  0x00007fe078594000 JavaThread "netty-event-loop-8" [_thread_in_native, id=24363, stack(0x0000700004af2000,0x0000700004bf2000)]
  0x00007fe076d50800 JavaThread "ForkJoinPool.commonPool-worker-4" daemon [_thread_blocked, id=28951, stack(0x0000700005104000,0x0000700005204000)]
  0x00007fe0771fc000 JavaThread "pool-20-thread-1" [_thread_blocked, id=41535, stack(0x000070000530a000,0x000070000540a000)]
  0x00007fe077b71000 JavaThread "application-akka.actor.default-dispatcher-2" [_thread_blocked, id=46343, stack(0x00007000044e0000,0x00007000045e0000)]
  0x00007fe076628000 JavaThread "application-scheduler-1" [_thread_in_Java, id=37399, stack(0x00007000042da000,0x00007000043da000)]
  0x00007fe075ac7000 JavaThread "AsyncAppender-Worker-ASYNCSTDOUT" daemon [_thread_in_vm, id=39955, stack(0x00007000041d7000,0x00007000042d7000)]
  0x00007fe0758c5800 JavaThread "AsyncAppender-Worker-ASYNCFILE" daemon [_thread_in_vm, id=41239, stack(0x00007000040d4000,0x00007000041d4000)]
  0x00007fe076233000 JavaThread "netty-event-loop-7" [_thread_in_native, id=44315, stack(0x00007000022f7000,0x00007000023f7000)]
  0x00007fe0767c5000 JavaThread "pool-3-thread-1" daemon [_thread_blocked, id=37923, stack(0x0000700003fd1000,0x00007000040d1000)]
  0x00007fe0761c0800 JavaThread "cluster-ClusterId{value='5917049133c37a436d1c0f18', description='null'}-ds137801.mlab.com:37801" daemon [_thread_in_native, id=41995, stack(0x0000700003ece000,0x0000700003fce000)]
  0x00007fe076366800 JavaThread "netty-event-loop-6" [_thread_in_native, id=27667, stack(0x0000700003cc8000,0x0000700003dc8000)]
  0x00007fe0764ce000 JavaThread "netty-event-loop-5" [_thread_in_native, id=4107, stack(0x0000700003bc5000,0x0000700003cc5000)]
  0x00007fe07655a000 JavaThread "pool-2-thread-1" daemon [_thread_blocked, id=43011, stack(0x0000700005d28000,0x0000700005e28000)]
  0x00007fe077d8e000 JavaThread "cluster-ClusterId{value='5917024633c37a436d1c0f17', description='null'}-ds137801.mlab.com:37801" daemon [_thread_in_native, id=42499, stack(0x0000700005c25000,0x0000700005d25000)]
  0x00007fe079681000 JavaThread "netty-event-loop-4" [_thread_in_native, id=40451, stack(0x0000700005819000,0x0000700005919000)]
  0x00007fe078d80000 JavaThread "netty-event-loop-3" [_thread_in_native, id=35331, stack(0x0000700004dfb000,0x0000700004efb000)]
  0x00007fe078928000 JavaThread "netty-event-loop-2" [_thread_in_native, id=34819, stack(0x0000700004cf8000,0x0000700004df8000)]
  0x00007fe07892d800 JavaThread "play-dev-mode-akka.actor.default-dispatcher-2" [_thread_blocked, id=33283, stack(0x00007000049ef000,0x0000700004aef000)]
  0x00007fe0772d7000 JavaThread "play-dev-mode-scheduler-1" [_thread_in_Java, id=32771, stack(0x00007000048ec000,0x00007000049ec000)]
=>0x00007fe079270000 JavaThread "FSEvent thread" daemon [_thread_in_Java, id=29443, stack(0x00007000047e9000,0x00007000048e9000)]
  0x00007fe07692f000 JavaThread "pool-4-thread-6" [_thread_in_native, id=24847, stack(0x00007000043dd000,0x00007000044dd000)]
  0x00007fe075aef000 JavaThread "sbt-web-akka.actor.default-dispatcher-4" [_thread_blocked, id=25103, stack(0x0000700003dcb000,0x0000700003ecb000)]
  0x00007fe078a7a000 JavaThread "sbt-web-scheduler-1" [_thread_in_Java, id=4871, stack(0x0000700003ac2000,0x0000700003bc2000)]
  0x00007fe07200a000 JavaThread "Service Thread" daemon [_thread_blocked, id=22787, stack(0x00007000038bc000,0x00007000039bc000)]
  0x00007fe072802000 JavaThread "C1 CompilerThread3" daemon [_thread_in_vm, id=22275, stack(0x00007000037b9000,0x00007000038b9000)]
  0x00007fe071856800 JavaThread "C2 CompilerThread2" daemon [_thread_blocked, id=21763, stack(0x00007000036b6000,0x00007000037b6000)]
  0x00007fe071840000 JavaThread "C2 CompilerThread1" daemon [_thread_blocked, id=21251, stack(0x00007000035b3000,0x00007000036b3000)]
  0x00007fe071006800 JavaThread "C2 CompilerThread0" daemon [_thread_in_vm, id=20739, stack(0x00007000034b0000,0x00007000035b0000)]
  0x00007fe072805000 JavaThread "JDWP Command Reader" daemon [_thread_in_native, id=20227, stack(0x00007000033ad000,0x00007000034ad000)]
  0x00007fe07000b800 JavaThread "JDWP Event Helper Thread" daemon [_thread_blocked, id=19715, stack(0x00007000032aa000,0x00007000033aa000)]
  0x00007fe07183f800 JavaThread "JDWP Transport Listener: dt_socket" daemon [_thread_blocked, id=19203, stack(0x00007000031a7000,0x00007000032a7000)]
  0x00007fe071833800 JavaThread "Signal Dispatcher" daemon [_thread_blocked, id=18691, stack(0x00007000030a4000,0x00007000031a4000)]
  0x00007fe071832800 JavaThread "Finalizer" daemon [_thread_blocked, id=14595, stack(0x0000700002fa1000,0x00007000030a1000)]
  0x00007fe072005000 JavaThread "Reference Handler" daemon [_thread_blocked, id=14083, stack(0x0000700002e9e000,0x0000700002f9e000)]
  0x00007fe071800000 JavaThread "main" [_thread_blocked, id=7171, stack(0x0000700002480000,0x0000700002580000)]

Other Threads:
  0x00007fe072004800 VMThread [stack: 0x0000700002d9b000,0x0000700002e9b000] [id=13571]
  0x00007fe06f80a800 WatcherThread [stack: 0x00007000039bf000,0x0000700003abf000] [id=23299]

VM state:synchronizing (normal execution)

VM Mutex/Monitor currently owned by a thread:  ([mutex/lock_event])
[0x00007fe06ec0a490] Safepoint_lock - owner thread: 0x00007fe072004800
[0x00007fe06ec0a510] Threads_lock - owner thread: 0x00007fe072004800

Heap:
 PSYoungGen      total 267264K, used 177283K [0x00000007aab00000, 0x00000007bf580000, 0x00000007c0000000)
  eden space 198144K, 89% used [0x00000007aab00000,0x00000007b5820e18,0x00000007b6c80000)
  from space 69120K, 0% used [0x00000007bb200000,0x00000007bb200000,0x00000007bf580000)
  to   space 70144K, 0% used [0x00000007b6c80000,0x00000007b6c80000,0x00000007bb100000)
 ParOldGen       total 698880K, used 62917K [0x0000000780000000, 0x00000007aaa80000, 0x00000007aab00000)
  object space 698880K, 9% used [0x0000000780000000,0x0000000783d714f8,0x00000007aaa80000)
 Metaspace       used 132264K, capacity 133466K, committed 134272K, reserved 1161216K
  class space    used 21618K, capacity 21995K, committed 22144K, reserved 1048576K

Card table byte_map: [0x0000000103fc0000,0x00000001041c1000] byte_map_base: 0x00000001003c0000

Marking Bits: (ParMarkBitMap*) 0x00000001024a3d20
 Begin Bits: [0x0000000104317000, 0x0000000105317000)
 End Bits:   [0x0000000105317000, 0x0000000106317000)

Polling page: 0x0000000102b98000

CodeCache: size=245760Kb used=43084Kb max_used=43647Kb free=202675Kb
 bounds [0x000000010ae93000, 0x000000010d973000, 0x0000000119e93000]
 total_blobs=15172 nmethods=14530 adapters=557
 compilation: enabled

Compilation events (10 events):
Event: 5026.179 Thread 0x00007fe071006800 nmethod 17599 0x000000010b871210 code [0x000000010b871360, 0x000000010b8713f8]
Event: 5026.182 Thread 0x00007fe071840000 nmethod 17602 0x000000010b12c090 code [0x000000010b12c1e0, 0x000000010b12c2f8]
Event: 5026.182 Thread 0x00007fe071856800 nmethod 17601 0x000000010b3ba310 code [0x000000010b3ba460, 0x000000010b3ba598]
Event: 5026.182 Thread 0x00007fe071840000 17610       4       java.util.concurrent.ThreadPoolExecutor::ensurePrestart (41 bytes)
Event: 5026.182 Thread 0x00007fe071856800 17608   !   4       java.util.concurrent.ScheduledThreadPoolExecutor$DelayedWorkQueue::take (203 bytes)
Event: 5026.183 Thread 0x00007fe072802000 nmethod 17600 0x000000010c383f50 code [0x000000010c384140, 0x000000010c384a28]
Event: 5026.183 Thread 0x00007fe072802000 17612       3       java.util.TreeMap::navigableKeySet (27 bytes)
Event: 5026.192 Thread 0x00007fe072802000 nmethod 17612 0x000000010c383850 code [0x000000010c3839e0, 0x000000010c383d90]
Event: 5026.192 Thread 0x00007fe072802000 17613       2       java.util.Stack::<init> (5 bytes)
Event: 5026.193 Thread 0x00007fe072802000 nmethod 17613 0x000000010d2b1d10 code [0x000000010d2b1e80, 0x000000010d2b2008]

GC Heap History (10 events):
Event: 3146.770 GC heap before
{Heap before GC invocations=22 (full 8):
 PSYoungGen      total 271872K, used 196571K [0x00000007aab00000, 0x00000007c0000000, 0x00000007c0000000)
  eden space 196608K, 99% used [0x00000007aab00000,0x00000007b6af6cc8,0x00000007b6b00000)
  from space 75264K, 0% used [0x00000007b6b00000,0x00000007b6b00000,0x00000007bb480000)
  to   space 75776K, 0% used [0x00000007bb600000,0x00000007bb600000,0x00000007c0000000)
 ParOldGen       total 698880K, used 64651K [0x0000000780000000, 0x00000007aaa80000, 0x00000007aab00000)
  object space 698880K, 9% used [0x0000000780000000,0x0000000783f22c20,0x00000007aaa80000)
 Metaspace       used 131313K, capacity 132524K, committed 133120K, reserved 1161216K
  class space    used 21652K, capacity 21981K, committed 22016K, reserved 1048576K
Event: 3146.909 GC heap after
Heap after GC invocations=22 (full 8):
 PSYoungGen      total 270336K, used 8134K [0x00000007aab00000, 0x00000007bfc80000, 0x00000007c0000000)
  eden space 198144K, 0% used [0x00000007aab00000,0x00000007aab00000,0x00000007b6c80000)
  from space 72192K, 11% used [0x00000007bb600000,0x00000007bbdf1800,0x00000007bfc80000)
  to   space 73728K, 0% used [0x00000007b6c80000,0x00000007b6c80000,0x00000007bb480000)
 ParOldGen       total 698880K, used 64659K [0x0000000780000000, 0x00000007aaa80000, 0x00000007aab00000)
  object space 698880K, 9% used [0x0000000780000000,0x0000000783f24c20,0x00000007aaa80000)
 Metaspace       used 131313K, capacity 132524K, committed 133120K, reserved 1161216K
  class space    used 21652K, capacity 21981K, committed 22016K, reserved 1048576K
}
Event: 3147.560 GC heap before
{Heap before GC invocations=23 (full 8):
 PSYoungGen      total 270336K, used 64079K [0x00000007aab00000, 0x00000007bfc80000, 0x00000007c0000000)
  eden space 198144K, 28% used [0x00000007aab00000,0x00000007ae1a25c0,0x00000007b6c80000)
  from space 72192K, 11% used [0x00000007bb600000,0x00000007bbdf1800,0x00000007bfc80000)
  to   space 73728K, 0% used [0x00000007b6c80000,0x00000007b6c80000,0x00000007bb480000)
 ParOldGen       total 698880K, used 64659K [0x0000000780000000, 0x00000007aaa80000, 0x00000007aab00000)
  object space 698880K, 9% used [0x0000000780000000,0x0000000783f24c20,0x00000007aaa80000)
 Metaspace       used 131848K, capacity 133124K, committed 133760K, reserved 1161216K
  class space    used 21677K, capacity 22053K, committed 22144K, reserved 1048576K
Event: 3147.604 GC heap after
Heap after GC invocations=23 (full 8):
 PSYoungGen      total 208896K, used 10713K [0x00000007aab00000, 0x00000007bf780000, 0x00000007c0000000)
  eden space 198144K, 0% used [0x00000007aab00000,0x00000007aab00000,0x00000007b6c80000)
  from space 10752K, 99% used [0x00000007b6c80000,0x00000007b76f65b8,0x00000007b7700000)
  to   space 71168K, 0% used [0x00000007bb200000,0x00000007bb200000,0x00000007bf780000)
 ParOldGen       total 698880K, used 64667K [0x0000000780000000, 0x00000007aaa80000, 0x00000007aab00000)
  object space 698880K, 9% used [0x0000000780000000,0x0000000783f26c20,0x00000007aaa80000)
 Metaspace       used 131848K, capacity 133124K, committed 133760K, reserved 1161216K
  class space    used 21677K, capacity 22053K, committed 22144K, reserved 1048576K
}
Event: 3147.604 GC heap before
{Heap before GC invocations=24 (full 9):
 PSYoungGen      total 208896K, used 10713K [0x00000007aab00000, 0x00000007bf780000, 0x00000007c0000000)
  eden space 198144K, 0% used [0x00000007aab00000,0x00000007aab00000,0x00000007b6c80000)
  from space 10752K, 99% used [0x00000007b6c80000,0x00000007b76f65b8,0x00000007b7700000)
  to   space 71168K, 0% used [0x00000007bb200000,0x00000007bb200000,0x00000007bf780000)
 ParOldGen       total 698880K, used 64667K [0x0000000780000000, 0x00000007aaa80000, 0x00000007aab00000)
  object space 698880K, 9% used [0x0000000780000000,0x0000000783f26c20,0x00000007aaa80000)
 Metaspace       used 131848K, capacity 133124K, committed 133760K, reserved 1161216K
  class space    used 21677K, capacity 22053K, committed 22144K, reserved 1048576K
Event: 3148.376 GC heap after
Heap after GC invocations=24 (full 9):
 PSYoungGen      total 208896K, used 0K [0x00000007aab00000, 0x00000007bf780000, 0x00000007c0000000)
  eden space 198144K, 0% used [0x00000007aab00000,0x00000007aab00000,0x00000007b6c80000)
  from space 10752K, 0% used [0x00000007b6c80000,0x00000007b6c80000,0x00000007b7700000)
  to   space 71168K, 0% used [0x00000007bb200000,0x00000007bb200000,0x00000007bf780000)
 ParOldGen       total 698880K, used 65083K [0x0000000780000000, 0x00000007aaa80000, 0x00000007aab00000)
  object space 698880K, 9% used [0x0000000780000000,0x0000000783f8ee80,0x00000007aaa80000)
 Metaspace       used 131065K, capacity 132106K, committed 133760K, reserved 1161216K
  class space    used 21472K, capacity 21823K, committed 22144K, reserved 1048576K
}
Event: 3148.689 GC heap before
{Heap before GC invocations=25 (full 9):
 PSYoungGen      total 208896K, used 2725K [0x00000007aab00000, 0x00000007bf780000, 0x00000007c0000000)
  eden space 198144K, 1% used [0x00000007aab00000,0x00000007aada9740,0x00000007b6c80000)
  from space 10752K, 0% used [0x00000007b6c80000,0x00000007b6c80000,0x00000007b7700000)
  to   space 71168K, 0% used [0x00000007bb200000,0x00000007bb200000,0x00000007bf780000)
 ParOldGen       total 698880K, used 65083K [0x0000000780000000, 0x00000007aaa80000, 0x00000007aab00000)
  object space 698880K, 9% used [0x0000000780000000,0x0000000783f8ee80,0x00000007aaa80000)
 Metaspace       used 131117K, capacity 132106K, committed 133760K, reserved 1161216K
  class space    used 21477K, capacity 21823K, committed 22144K, reserved 1048576K
Event: 3148.695 GC heap after
Heap after GC invocations=25 (full 9):
 PSYoungGen      total 267264K, used 288K [0x00000007aab00000, 0x00000007bf580000, 0x00000007c0000000)
  eden space 198144K, 0% used [0x00000007aab00000,0x00000007aab00000,0x00000007b6c80000)
  from space 69120K, 0% used [0x00000007bb200000,0x00000007bb248000,0x00000007bf580000)
  to   space 70144K, 0% used [0x00000007b6c80000,0x00000007b6c80000,0x00000007bb100000)
 ParOldGen       total 698880K, used 65083K [0x0000000780000000, 0x00000007aaa80000, 0x00000007aab00000)
  object space 698880K, 9% used [0x0000000780000000,0x0000000783f8ee80,0x00000007aaa80000)
 Metaspace       used 131117K, capacity 132106K, committed 133760K, reserved 1161216K
  class space    used 21477K, capacity 21823K, committed 22144K, reserved 1048576K
}
Event: 3148.695 GC heap before
{Heap before GC invocations=26 (full 10):
 PSYoungGen      total 267264K, used 288K [0x00000007aab00000, 0x00000007bf580000, 0x00000007c0000000)
  eden space 198144K, 0% used [0x00000007aab00000,0x00000007aab00000,0x00000007b6c80000)
  from space 69120K, 0% used [0x00000007bb200000,0x00000007bb248000,0x00000007bf580000)
  to   space 70144K, 0% used [0x00000007b6c80000,0x00000007b6c80000,0x00000007bb100000)
 ParOldGen       total 698880K, used 65083K [0x0000000780000000, 0x00000007aaa80000, 0x00000007aab00000)
  object space 698880K, 9% used [0x0000000780000000,0x0000000783f8ee80,0x00000007aaa80000)
 Metaspace       used 131117K, capacity 132106K, committed 133760K, reserved 1161216K
  class space    used 21477K, capacity 21823K, committed 22144K, reserved 1048576K
Event: 3148.963 GC heap after
Heap after GC invocations=26 (full 10):
 PSYoungGen      total 267264K, used 0K [0x00000007aab00000, 0x00000007bf580000, 0x00000007c0000000)
  eden space 198144K, 0% used [0x00000007aab00000,0x00000007aab00000,0x00000007b6c80000)
  from space 69120K, 0% used [0x00000007bb200000,0x00000007bb200000,0x00000007bf580000)
  to   space 70144K, 0% used [0x00000007b6c80000,0x00000007b6c80000,0x00000007bb100000)
 ParOldGen       total 698880K, used 62917K [0x0000000780000000, 0x00000007aaa80000, 0x00000007aab00000)
  object space 698880K, 9% used [0x0000000780000000,0x0000000783d714f8,0x00000007aaa80000)
 Metaspace       used 131117K, capacity 132106K, committed 133760K, reserved 1161216K
  class space    used 21477K, capacity 21823K, committed 22144K, reserved 1048576K
}

Deoptimization events (10 events):
Event: 3150.017 Thread 0x00007fe073000000 Uncommon trap: reason=class_check action=maybe_recompile pc=0x000000010b1305a4 method=java.lang.StringCoding$StringEncoder.encode([CII)[B @ 30
Event: 3151.409 Thread 0x00007fe073000000 Uncommon trap: reason=class_check action=maybe_recompile pc=0x000000010b8068cc method=java.util.regex.Pattern$SliceI.match(Ljava/util/regex/Matcher;ILjava/lang/CharSequence;)Z @ 92
Event: 3151.538 Thread 0x00007fe073000000 Uncommon trap: reason=unstable_if action=reinterpret pc=0x000000010b1d6058 method=java.util.regex.Pattern$Curly.match0(Ljava/util/regex/Matcher;IILjava/lang/CharSequence;)Z @ 5
Event: 3165.185 Thread 0x00007fe0707ea000 Uncommon trap: reason=unstable_if action=reinterpret pc=0x000000010d710ccc method=java.util.regex.Pattern$Bound.check(Ljava/util/regex/Matcher;ILjava/lang/CharSequence;)I @ 34
Event: 3165.185 Thread 0x00007fe0707ea000 Uncommon trap: reason=class_check action=maybe_recompile pc=0x000000010b8068cc method=java.util.regex.Pattern$SliceI.match(Ljava/util/regex/Matcher;ILjava/lang/CharSequence;)Z @ 92
Event: 3165.185 Thread 0x00007fe0707ea000 Uncommon trap: reason=class_check action=maybe_recompile pc=0x000000010d1092bc method=java.util.regex.Pattern$7.isSatisfiedBy(I)Z @ 5
Event: 3165.185 Thread 0x00007fe0707ea000 Uncommon trap: reason=class_check action=maybe_recompile pc=0x000000010d1092bc method=java.util.regex.Pattern$7.isSatisfiedBy(I)Z @ 5
Event: 3165.185 Thread 0x00007fe0707ea000 Uncommon trap: reason=class_check action=maybe_recompile pc=0x000000010d1092bc method=java.util.regex.Pattern$7.isSatisfiedBy(I)Z @ 5
Event: 3165.185 Thread 0x00007fe0707ea000 Uncommon trap: reason=class_check action=maybe_recompile pc=0x000000010d1092bc method=java.util.regex.Pattern$7.isSatisfiedBy(I)Z @ 5
Event: 3165.227 Thread 0x00007fe0707ea000 Uncommon trap: reason=unstable_if action=reinterpret pc=0x000000010d13a3e4 method=java.util.regex.Pattern$Bound.check(Ljava/util/regex/Matcher;ILjava/lang/CharSequence;)I @ 34

Internal exceptions (10 events):
Event: 3149.186 Thread 0x00007fe073000000 Exception <a 'java/lang/ArrayIndexOutOfBoundsException': 1> (0x00000007ad7e7b78) thrown at [/Users/java_re/workspace/8-2-build-macosx-x86_64/jdk8u102/7268/hotspot/src/share/vm/interpreter/interpreterRuntime.cpp, line 366]
Event: 3149.186 Thread 0x00007fe073000000 Exception <a 'java/lang/ArrayIndexOutOfBoundsException': 1> (0x00000007ad7eb3c0) thrown at [/Users/java_re/workspace/8-2-build-macosx-x86_64/jdk8u102/7268/hotspot/src/share/vm/interpreter/interpreterRuntime.cpp, line 366]
Event: 3149.186 Thread 0x00007fe073000000 Exception <a 'java/lang/ArrayIndexOutOfBoundsException': 1> (0x00000007ad7eea28) thrown at [/Users/java_re/workspace/8-2-build-macosx-x86_64/jdk8u102/7268/hotspot/src/share/vm/interpreter/interpreterRuntime.cpp, line 366]
Event: 3149.187 Thread 0x00007fe073000000 Exception <a 'java/lang/ArrayIndexOutOfBoundsException': 1> (0x00000007ad7f2720) thrown at [/Users/java_re/workspace/8-2-build-macosx-x86_64/jdk8u102/7268/hotspot/src/share/vm/interpreter/interpreterRuntime.cpp, line 366]
Event: 3149.187 Thread 0x00007fe073000000 Exception <a 'java/lang/ArrayIndexOutOfBoundsException': 1> (0x00000007ad7f40e0) thrown at [/Users/java_re/workspace/8-2-build-macosx-x86_64/jdk8u102/7268/hotspot/src/share/vm/interpreter/interpreterRuntime.cpp, line 366]
Event: 3149.187 Thread 0x00007fe073000000 Exception <a 'java/lang/ArrayIndexOutOfBoundsException': 1> (0x00000007ad7f9e30) thrown at [/Users/java_re/workspace/8-2-build-macosx-x86_64/jdk8u102/7268/hotspot/src/share/vm/interpreter/interpreterRuntime.cpp, line 366]
Event: 3149.187 Thread 0x00007fe073000000 Exception <a 'java/lang/ArrayIndexOutOfBoundsException': 1> (0x00000007ad7fd778) thrown at [/Users/java_re/workspace/8-2-build-macosx-x86_64/jdk8u102/7268/hotspot/src/share/vm/interpreter/interpreterRuntime.cpp, line 366]
Event: 3149.187 Thread 0x00007fe073000000 Exception <a 'java/lang/ArrayIndexOutOfBoundsException': 1> (0x00000007ad805368) thrown at [/Users/java_re/workspace/8-2-build-macosx-x86_64/jdk8u102/7268/hotspot/src/share/vm/interpreter/interpreterRuntime.cpp, line 366]
Event: 3149.194 Thread 0x00007fe077a5b800 Exception <a 'java/lang/InterruptedException': sleep interrupted> (0x00000007adbe5a98) thrown at [/Users/java_re/workspace/8-2-build-macosx-x86_64/jdk8u102/7268/hotspot/src/share/vm/prims/jvm.cpp, line 3215]
Event: 3170.421 Thread 0x00007fe0707ea000 Exception <a 'java/lang/NoSuchMethodError': java.lang.Object.lambda$comparingByValue$827a17d5$1(Ljava/util/Comparator;Ljava/util/Map$Entry;Ljava/util/Map$Entry;)I> (0x00000007b5358138) thrown at [/Users/java_re/workspace/8-2-build-macosx-x86_64/jdk8u102/7

Events (10 events):
Event: 5016.515 Executing VM operation: ChangeBreakpoints
Event: 5017.950 Executing VM operation: ChangeBreakpoints done
Event: 5017.951 Executing VM operation: ChangeBreakpoints
Event: 5017.955 Executing VM operation: ChangeBreakpoints done
Event: 5026.147 Executing VM operation: BulkRevokeBias
Event: 5026.164 Executing VM operation: BulkRevokeBias done
Event: 5026.164 Thread 0x00007fe072e1c000 Thread exited: 0x00007fe072e1c000
Event: 5026.167 Executing VM operation: RevokeBias
Event: 5026.171 Executing VM operation: RevokeBias done
Event: 5026.171 Thread 0x00007fe072e5d000 Thread exited: 0x00007fe072e5d000


Dynamic libraries:
0x000000002fffb000 	/System/Library/Frameworks/Cocoa.framework/Versions/A/Cocoa
0x000000002fffb000 	/System/Library/Frameworks/Security.framework/Versions/A/Security
0x000000002fffb000 	/System/Library/Frameworks/ApplicationServices.framework/Versions/A/ApplicationServices
0x000000002fffb000 	/usr/lib/libz.1.dylib
0x000000002fffb000 	/usr/lib/libSystem.B.dylib
0x000000002fffb000 	/usr/lib/libobjc.A.dylib
0x000000002fffb000 	/System/Library/Frameworks/CoreFoundation.framework/Versions/A/CoreFoundation
0x000000002fffb000 	/System/Library/Frameworks/Foundation.framework/Versions/C/Foundation
0x000000002fffb000 	/System/Library/Frameworks/AppKit.framework/Versions/C/AppKit
0x000000002fffb000 	/System/Library/Frameworks/CoreData.framework/Versions/A/CoreData
0x000000002fffb000 	/System/Library/PrivateFrameworks/RemoteViewServices.framework/Versions/A/RemoteViewServices
0x000000002fffb000 	/System/Library/PrivateFrameworks/UIFoundation.framework/Versions/A/UIFoundation
0x000000002fffb000 	/System/Library/PrivateFrameworks/DFRFoundation.framework/Versions/A/DFRFoundation
0x000000002fffb000 	/usr/lib/libenergytrace.dylib
0x000000002fffb000 	/System/Library/PrivateFrameworks/SkyLight.framework/Versions/A/SkyLight
0x000000002fffb000 	/System/Library/Frameworks/CoreGraphics.framework/Versions/A/CoreGraphics
0x000000002fffb000 	/usr/lib/libScreenReader.dylib
0x000000002fffb000 	/System/Library/Frameworks/Accelerate.framework/Versions/A/Accelerate
0x000000002fffb000 	/System/Library/Frameworks/IOSurface.framework/Versions/A/IOSurface
0x000000002fffb000 	/System/Library/Frameworks/AudioToolbox.framework/Versions/A/AudioToolbox
0x000000002fffb000 	/System/Library/Frameworks/AudioUnit.framework/Versions/A/AudioUnit
0x000000002fffb000 	/System/Library/PrivateFrameworks/DataDetectorsCore.framework/Versions/A/DataDetectorsCore
0x000000002fffb000 	/System/Library/PrivateFrameworks/DesktopServicesPriv.framework/Versions/A/DesktopServicesPriv
0x000000002fffb000 	/System/Library/Frameworks/Carbon.framework/Versions/A/Frameworks/HIToolbox.framework/Versions/A/HIToolbox
0x000000002fffb000 	/usr/lib/libicucore.A.dylib
0x000000002fffb000 	/System/Library/Frameworks/QuartzCore.framework/Versions/A/QuartzCore
0x000000002fffb000 	/System/Library/Frameworks/Carbon.framework/Versions/A/Frameworks/SpeechRecognition.framework/Versions/A/SpeechRecognition
0x000000002fffb000 	/usr/lib/libauto.dylib
0x000000002fffb000 	/usr/lib/libxml2.2.dylib
0x000000002fffb000 	/System/Library/PrivateFrameworks/CoreUI.framework/Versions/A/CoreUI
0x000000002fffb000 	/System/Library/Frameworks/CoreAudio.framework/Versions/A/CoreAudio
0x000000002fffb000 	/System/Library/Frameworks/DiskArbitration.framework/Versions/A/DiskArbitration
0x000000002fffb000 	/usr/lib/liblangid.dylib
0x000000002fffb000 	/System/Library/PrivateFrameworks/MultitouchSupport.framework/Versions/A/MultitouchSupport
0x000000002fffb000 	/System/Library/Frameworks/IOKit.framework/Versions/A/IOKit
0x000000002fffb000 	/usr/lib/libDiagnosticMessagesClient.dylib
0x000000002fffb000 	/System/Library/Frameworks/CoreServices.framework/Versions/A/CoreServices
0x000000002fffb000 	/System/Library/PrivateFrameworks/PerformanceAnalysis.framework/Versions/A/PerformanceAnalysis
0x000000002fffb000 	/System/Library/PrivateFrameworks/GenerationalStorage.framework/Versions/A/GenerationalStorage
0x000000002fffb000 	/System/Library/Frameworks/OpenGL.framework/Versions/A/OpenGL
0x000000002fffb000 	/System/Library/Frameworks/CoreImage.framework/Versions/A/CoreImage
0x000000002fffb000 	/System/Library/Frameworks/CoreText.framework/Versions/A/CoreText
0x000000002fffb000 	/System/Library/Frameworks/ImageIO.framework/Versions/A/ImageIO
0x000000002fffb000 	/System/Library/PrivateFrameworks/Backup.framework/Versions/A/Backup
0x000000002fffb000 	/usr/lib/libarchive.2.dylib
0x000000002fffb000 	/System/Library/Frameworks/CFNetwork.framework/Versions/A/CFNetwork
0x000000002fffb000 	/System/Library/Frameworks/SystemConfiguration.framework/Versions/A/SystemConfiguration
0x000000002fffb000 	/usr/lib/libCRFSuite.dylib
0x000000002fffb000 	/usr/lib/libc++.1.dylib
0x000000002fffb000 	/usr/lib/libc++abi.dylib
0x000000002fffb000 	/usr/lib/system/libcache.dylib
0x000000002fffb000 	/usr/lib/system/libcommonCrypto.dylib
0x000000002fffb000 	/usr/lib/system/libcompiler_rt.dylib
0x000000002fffb000 	/usr/lib/system/libcopyfile.dylib
0x000000002fffb000 	/usr/lib/system/libcorecrypto.dylib
0x000000002fffb000 	/usr/lib/system/libdispatch.dylib
0x000000002fffb000 	/usr/lib/system/libdyld.dylib
0x000000002fffb000 	/usr/lib/system/libkeymgr.dylib
0x000000002fffb000 	/usr/lib/system/liblaunch.dylib
0x000000002fffb000 	/usr/lib/system/libmacho.dylib
0x000000002fffb000 	/usr/lib/system/libquarantine.dylib
0x000000002fffb000 	/usr/lib/system/libremovefile.dylib
0x000000002fffb000 	/usr/lib/system/libsystem_asl.dylib
0x000000002fffb000 	/usr/lib/system/libsystem_blocks.dylib
0x000000002fffb000 	/usr/lib/system/libsystem_c.dylib
0x000000002fffb000 	/usr/lib/system/libsystem_configuration.dylib
0x000000002fffb000 	/usr/lib/system/libsystem_coreservices.dylib
0x000000002fffb000 	/usr/lib/system/libsystem_coretls.dylib
0x000000002fffb000 	/usr/lib/system/libsystem_dnssd.dylib
0x000000002fffb000 	/usr/lib/system/libsystem_info.dylib
0x000000002fffb000 	/usr/lib/system/libsystem_kernel.dylib
0x000000002fffb000 	/usr/lib/system/libsystem_m.dylib
0x000000002fffb000 	/usr/lib/system/libsystem_malloc.dylib
0x000000002fffb000 	/usr/lib/system/libsystem_network.dylib
0x000000002fffb000 	/usr/lib/system/libsystem_networkextension.dylib
0x000000002fffb000 	/usr/lib/system/libsystem_notify.dylib
0x000000002fffb000 	/usr/lib/system/libsystem_platform.dylib
0x000000002fffb000 	/usr/lib/system/libsystem_pthread.dylib
0x000000002fffb000 	/usr/lib/system/libsystem_sandbox.dylib
0x000000002fffb000 	/usr/lib/system/libsystem_secinit.dylib
0x000000002fffb000 	/usr/lib/system/libsystem_symptoms.dylib
0x000000002fffb000 	/usr/lib/system/libsystem_trace.dylib
0x000000002fffb000 	/usr/lib/system/libunwind.dylib
0x000000002fffb000 	/usr/lib/system/libxpc.dylib
0x000000002fffb000 	/usr/lib/libbsm.0.dylib
0x000000002fffb000 	/usr/lib/system/libkxld.dylib
0x000000002fffb000 	/usr/lib/libcoretls.dylib
0x000000002fffb000 	/usr/lib/libcoretls_cfhelpers.dylib
0x000000002fffb000 	/usr/lib/libOpenScriptingUtil.dylib
0x000000002fffb000 	/usr/lib/libpam.2.dylib
0x000000002fffb000 	/usr/lib/libsqlite3.dylib
0x000000002fffb000 	/usr/lib/libxar.1.dylib
0x000000002fffb000 	/usr/lib/libbz2.1.0.dylib
0x000000002fffb000 	/usr/lib/liblzma.5.dylib
0x000000002fffb000 	/usr/lib/libnetwork.dylib
0x000000002fffb000 	/usr/lib/libpcap.A.dylib
0x000000002fffb000 	/System/Library/Frameworks/CoreServices.framework/Versions/A/Frameworks/FSEvents.framework/Versions/A/FSEvents
0x000000002fffb000 	/System/Library/Frameworks/CoreServices.framework/Versions/A/Frameworks/CarbonCore.framework/Versions/A/CarbonCore
0x000000002fffb000 	/System/Library/Frameworks/CoreServices.framework/Versions/A/Frameworks/Metadata.framework/Versions/A/Metadata
0x000000002fffb000 	/System/Library/Frameworks/CoreServices.framework/Versions/A/Frameworks/OSServices.framework/Versions/A/OSServices
0x000000002fffb000 	/System/Library/Frameworks/CoreServices.framework/Versions/A/Frameworks/SearchKit.framework/Versions/A/SearchKit
0x000000002fffb000 	/System/Library/Frameworks/CoreServices.framework/Versions/A/Frameworks/AE.framework/Versions/A/AE
0x000000002fffb000 	/System/Library/Frameworks/CoreServices.framework/Versions/A/Frameworks/LaunchServices.framework/Versions/A/LaunchServices
0x000000002fffb000 	/System/Library/Frameworks/CoreServices.framework/Versions/A/Frameworks/DictionaryServices.framework/Versions/A/DictionaryServices
0x000000002fffb000 	/System/Library/Frameworks/CoreServices.framework/Versions/A/Frameworks/SharedFileList.framework/Versions/A/SharedFileList
0x000000002fffb000 	/System/Library/Frameworks/NetFS.framework/Versions/A/NetFS
0x000000002fffb000 	/System/Library/PrivateFrameworks/NetAuth.framework/Versions/A/NetAuth
0x000000002fffb000 	/System/Library/PrivateFrameworks/login.framework/Versions/A/Frameworks/loginsupport.framework/Versions/A/loginsupport
0x000000002fffb000 	/System/Library/PrivateFrameworks/TCC.framework/Versions/A/TCC
0x000000002fffb000 	/usr/lib/libmecabra.dylib
0x000000002fffb000 	/System/Library/Frameworks/ApplicationServices.framework/Versions/A/Frameworks/ATS.framework/Versions/A/ATS
0x000000002fffb000 	/System/Library/Frameworks/ApplicationServices.framework/Versions/A/Frameworks/ColorSync.framework/Versions/A/ColorSync
0x000000002fffb000 	/System/Library/Frameworks/ApplicationServices.framework/Versions/A/Frameworks/HIServices.framework/Versions/A/HIServices
0x000000002fffb000 	/System/Library/Frameworks/ApplicationServices.framework/Versions/A/Frameworks/LangAnalysis.framework/Versions/A/LangAnalysis
0x000000002fffb000 	/System/Library/Frameworks/ApplicationServices.framework/Versions/A/Frameworks/PrintCore.framework/Versions/A/PrintCore
0x000000002fffb000 	/System/Library/Frameworks/ApplicationServices.framework/Versions/A/Frameworks/QD.framework/Versions/A/QD
0x000000002fffb000 	/System/Library/Frameworks/ApplicationServices.framework/Versions/A/Frameworks/SpeechSynthesis.framework/Versions/A/SpeechSynthesis
0x000000002fffb000 	/System/Library/Frameworks/Accelerate.framework/Versions/A/Frameworks/vImage.framework/Versions/A/vImage
0x000000002fffb000 	/System/Library/Frameworks/Accelerate.framework/Versions/A/Frameworks/vecLib.framework/Versions/A/vecLib
0x000000002fffb000 	/System/Library/Frameworks/Accelerate.framework/Versions/A/Frameworks/vecLib.framework/Versions/A/libvDSP.dylib
0x000000002fffb000 	/System/Library/Frameworks/Accelerate.framework/Versions/A/Frameworks/vecLib.framework/Versions/A/libBNNS.dylib
0x000000002fffb000 	/System/Library/Frameworks/Accelerate.framework/Versions/A/Frameworks/vecLib.framework/Versions/A/libQuadrature.dylib
0x000000002fffb000 	/System/Library/Frameworks/Accelerate.framework/Versions/A/Frameworks/vecLib.framework/Versions/A/libvMisc.dylib
0x000000002fffb000 	/System/Library/Frameworks/Accelerate.framework/Versions/A/Frameworks/vecLib.framework/Versions/A/libLAPACK.dylib
0x000000002fffb000 	/System/Library/Frameworks/Accelerate.framework/Versions/A/Frameworks/vecLib.framework/Versions/A/libBLAS.dylib
0x000000002fffb000 	/System/Library/Frameworks/Accelerate.framework/Versions/A/Frameworks/vecLib.framework/Versions/A/libLinearAlgebra.dylib
0x000000002fffb000 	/System/Library/Frameworks/Accelerate.framework/Versions/A/Frameworks/vecLib.framework/Versions/A/libSparseBLAS.dylib
0x000000002fffb000 	/System/Library/Frameworks/ApplicationServices.framework/Versions/A/Frameworks/ATS.framework/Versions/A/Resources/libFontParser.dylib
0x000000002fffb000 	/System/Library/Frameworks/ApplicationServices.framework/Versions/A/Frameworks/ATS.framework/Versions/A/Resources/libFontRegistry.dylib
0x000000002fffb000 	/System/Library/Frameworks/ImageIO.framework/Versions/A/Resources/libJPEG.dylib
0x000000002fffb000 	/System/Library/Frameworks/ImageIO.framework/Versions/A/Resources/libTIFF.dylib
0x000000002fffb000 	/System/Library/Frameworks/ImageIO.framework/Versions/A/Resources/libPng.dylib
0x000000002fffb000 	/System/Library/Frameworks/ImageIO.framework/Versions/A/Resources/libGIF.dylib
0x000000002fffb000 	/System/Library/Frameworks/ImageIO.framework/Versions/A/Resources/libJP2.dylib
0x000000002fffb000 	/System/Library/Frameworks/ImageIO.framework/Versions/A/Resources/libRadiance.dylib
0x000000002fffb000 	/usr/lib/libcompression.dylib
0x000000002fffb000 	/System/Library/PrivateFrameworks/AppleJPEG.framework/Versions/A/AppleJPEG
0x000000002fffb000 	/usr/lib/libcups.2.dylib
0x000000002fffb000 	/System/Library/Frameworks/Kerberos.framework/Versions/A/Kerberos
0x000000002fffb000 	/System/Library/Frameworks/GSS.framework/Versions/A/GSS
0x000000002fffb000 	/usr/lib/libresolv.9.dylib
0x000000002fffb000 	/usr/lib/libiconv.2.dylib
0x000000002fffb000 	/System/Library/PrivateFrameworks/Heimdal.framework/Versions/A/Heimdal
0x000000002fffb000 	/usr/lib/libheimdal-asn1.dylib
0x000000002fffb000 	/System/Library/Frameworks/OpenDirectory.framework/Versions/A/OpenDirectory
0x000000002fffb000 	/System/Library/PrivateFrameworks/CommonAuth.framework/Versions/A/CommonAuth
0x000000002fffb000 	/System/Library/Frameworks/OpenDirectory.framework/Versions/A/Frameworks/CFOpenDirectory.framework/Versions/A/CFOpenDirectory
0x000000002fffb000 	/System/Library/Frameworks/SecurityFoundation.framework/Versions/A/SecurityFoundation
0x000000002fffb000 	/System/Library/PrivateFrameworks/LanguageModeling.framework/Versions/A/LanguageModeling
0x000000002fffb000 	/usr/lib/libmarisa.dylib
0x000000002fffb000 	/usr/lib/libChineseTokenizer.dylib
0x000000002fffb000 	/usr/lib/libcmph.dylib
0x000000002fffb000 	/System/Library/PrivateFrameworks/CoreEmoji.framework/Versions/A/CoreEmoji
0x000000002fffb000 	/System/Library/Frameworks/ServiceManagement.framework/Versions/A/ServiceManagement
0x000000002fffb000 	/usr/lib/libxslt.1.dylib
0x000000002fffb000 	/System/Library/Frameworks/Carbon.framework/Versions/A/Frameworks/Ink.framework/Versions/A/Ink
0x000000002fffb000 	/System/Library/PrivateFrameworks/TextureIO.framework/Versions/A/TextureIO
0x000000002fffb000 	/System/Library/Frameworks/Metal.framework/Versions/A/Metal
0x000000002fffb000 	/usr/lib/libate.dylib
0x000000002fffb000 	/System/Library/PrivateFrameworks/GPUCompiler.framework/libmetal_timestamp.dylib
0x000000002fffb000 	/System/Library/Frameworks/OpenGL.framework/Versions/A/Libraries/libCoreFSCache.dylib
0x000000002fffb000 	/System/Library/PrivateFrameworks/IOAccelerator.framework/Versions/A/IOAccelerator
0x000000002fffb000 	/System/Library/Frameworks/CoreVideo.framework/Versions/A/CoreVideo
0x000000002fffb000 	/usr/lib/libFosl_dynamic.dylib
0x000000002fffb000 	/System/Library/PrivateFrameworks/MetalPerformanceShaders.framework/Versions/A/MetalPerformanceShaders
0x000000002fffb000 	/System/Library/PrivateFrameworks/FaceCore.framework/Versions/A/FaceCore
0x000000002fffb000 	/System/Library/Frameworks/OpenCL.framework/Versions/A/OpenCL
0x000000002fffb000 	/System/Library/Frameworks/OpenGL.framework/Versions/A/Libraries/libGLU.dylib
0x000000002fffb000 	/System/Library/Frameworks/OpenGL.framework/Versions/A/Libraries/libGFXShared.dylib
0x000000002fffb000 	/System/Library/Frameworks/OpenGL.framework/Versions/A/Libraries/libGL.dylib
0x000000002fffb000 	/System/Library/Frameworks/OpenGL.framework/Versions/A/Libraries/libGLImage.dylib
0x000000002fffb000 	/System/Library/Frameworks/OpenGL.framework/Versions/A/Libraries/libCVMSPluginSupport.dylib
0x000000002fffb000 	/System/Library/Frameworks/OpenGL.framework/Versions/A/Libraries/libCoreVMClient.dylib
0x000000002fffb000 	/System/Library/PrivateFrameworks/CrashReporterSupport.framework/Versions/A/CrashReporterSupport
0x000000002fffb000 	/System/Library/PrivateFrameworks/Sharing.framework/Versions/A/Sharing
0x000000002fffb000 	/System/Library/PrivateFrameworks/IconServices.framework/Versions/A/IconServices
0x000000002fffb000 	/System/Library/PrivateFrameworks/ProtocolBuffer.framework/Versions/A/ProtocolBuffer
0x000000002fffb000 	/System/Library/PrivateFrameworks/Apple80211.framework/Versions/A/Apple80211
0x000000002fffb000 	/System/Library/Frameworks/CoreWLAN.framework/Versions/A/CoreWLAN
0x000000002fffb000 	/System/Library/PrivateFrameworks/CoreUtils.framework/Versions/A/CoreUtils
0x000000002fffb000 	/System/Library/Frameworks/IOBluetooth.framework/Versions/A/IOBluetooth
0x000000002fffb000 	/System/Library/PrivateFrameworks/CoreWiFi.framework/Versions/A/CoreWiFi
0x000000002fffb000 	/System/Library/Frameworks/CoreBluetooth.framework/Versions/A/CoreBluetooth
0x000000002fffb000 	/System/Library/Frameworks/CoreDisplay.framework/Versions/A/CoreDisplay
0x000000002fffb000 	/System/Library/PrivateFrameworks/IOPresentment.framework/Versions/A/IOPresentment
0x000000002fffb000 	/System/Library/PrivateFrameworks/DSExternalDisplay.framework/Versions/A/DSExternalDisplay
0x000000002fffb000 	/System/Library/PrivateFrameworks/DebugSymbols.framework/Versions/A/DebugSymbols
0x000000002fffb000 	/System/Library/PrivateFrameworks/CoreSymbolication.framework/Versions/A/CoreSymbolication
0x000000002fffb000 	/System/Library/PrivateFrameworks/Symbolication.framework/Versions/A/Symbolication
0x000000002fffb000 	/System/Library/PrivateFrameworks/AppleFSCompression.framework/Versions/A/AppleFSCompression
0x000000002fffb000 	/System/Library/PrivateFrameworks/SpeechRecognitionCore.framework/Versions/A/SpeechRecognitionCore
0x000000002fffb000 	/System/Library/PrivateFrameworks/ChunkingLibrary.framework/Versions/A/ChunkingLibrary
0x000000004787e000 	/System/Library/CoreServices/Encodings/libCyrillicConverter.dylib
0x0000000101bb4000 	/Library/Java/JavaVirtualMachines/jdk1.8.0_102.jdk/Contents/Home/jre/lib/server/libjvm.dylib
0x000000002fffb000 	/usr/lib/libstdc++.6.dylib
0x0000000102b55000 	/Library/Java/JavaVirtualMachines/jdk1.8.0_102.jdk/Contents/Home/jre/lib/libverify.dylib
0x0000000102b63000 	/Library/Java/JavaVirtualMachines/jdk1.8.0_102.jdk/Contents/Home/jre/lib/libjava.dylib
0x0000000102b99000 	/Library/Java/JavaVirtualMachines/jdk1.8.0_102.jdk/Contents/Home/jre/lib/libjdwp.dylib
0x0000000102be4000 	/Library/Java/JavaVirtualMachines/jdk1.8.0_102.jdk/Contents/Home/jre/lib/libnpt.dylib
0x0000000102bf1000 	/Library/Java/JavaVirtualMachines/jdk1.8.0_102.jdk/Contents/Home/jre/lib/libzip.dylib
0x0000000108c7a000 	/System/Library/Frameworks/JavaVM.framework/Frameworks/JavaRuntimeSupport.framework/JavaRuntimeSupport
0x0000000108c94000 	/System/Library/Frameworks/JavaVM.framework/Versions/A/Frameworks/JavaNativeFoundation.framework/Versions/A/JavaNativeFoundation
0x0000000108ca9000 	/System/Library/Frameworks/JavaVM.framework/Versions/A/JavaVM
0x000000002fffb000 	/System/Library/Frameworks/Carbon.framework/Versions/A/Carbon
0x0000000108cb6000 	/System/Library/PrivateFrameworks/JavaLaunching.framework/Versions/A/JavaLaunching
0x000000002fffb000 	/System/Library/Frameworks/Carbon.framework/Versions/A/Frameworks/CommonPanels.framework/Versions/A/CommonPanels
0x000000002fffb000 	/System/Library/Frameworks/Carbon.framework/Versions/A/Frameworks/Help.framework/Versions/A/Help
0x000000002fffb000 	/System/Library/Frameworks/Carbon.framework/Versions/A/Frameworks/ImageCapture.framework/Versions/A/ImageCapture
0x000000002fffb000 	/System/Library/Frameworks/Carbon.framework/Versions/A/Frameworks/OpenScripting.framework/Versions/A/OpenScripting
0x000000002fffb000 	/System/Library/Frameworks/Carbon.framework/Versions/A/Frameworks/Print.framework/Versions/A/Print
0x000000002fffb000 	/System/Library/Frameworks/Carbon.framework/Versions/A/Frameworks/SecurityHI.framework/Versions/A/SecurityHI
0x000000010a5bf000 	/Library/Java/JavaVirtualMachines/jdk1.8.0_102.jdk/Contents/Home/jre/lib/libdt_socket.dylib
0x000000010a5e6000 	/Library/Java/JavaVirtualMachines/jdk1.8.0_102.jdk/Contents/Home/jre/lib/libnet.dylib
0x000000010a645000 	/Library/Java/JavaVirtualMachines/jdk1.8.0_102.jdk/Contents/Home/jre/lib/libnio.dylib
0x000000011ab9c000 	/Library/Java/JavaVirtualMachines/jdk1.8.0_102.jdk/Contents/Home/jre/lib/libmanagement.dylib
0x000000011abaa000 	/Users/yurabraiko/dev/hacatons/Jacob/Jacob/target/native_libraries/64bits/libjnotify.jnilib
0x000000010aa33000 	/Library/Java/JavaVirtualMachines/jdk1.8.0_102.jdk/Contents/Home/jre/lib/libsunec.dylib

VM Arguments:
jvm_args: -agentlib:jdwp=transport=dt_socket,address=127.0.0.1:56189,suspend=y,server=n -Dfile.encoding=UTF8 -Djline.terminal=none -Dsbt.log.noformat=true -Dsbt.global.base=/private/var/folders/nj/7j3ws6v133xdbjrgjx5z4b040000gn/T/sbt-global-plugin1stub -Xms512M -Xmx1024M -Xss1M -XX:+CMSClassUnloadingEnabled -XX:MaxPermSize=256M 
java_command: xsbt.boot.Boot project root run
java_class_path (initial): /Users/yurabraiko/Library/Application Support/IntelliJIdea2017.1/Scala/launcher/sbt-launch.jar:/Applications/IntelliJ IDEA.app/Contents/lib/idea_rt.jar
Launcher Type: SUN_STANDARD

Environment Variables:
JAVA_HOME=/Library/Java/JavaVirtualMachines/jdk1.8.0_101.jdk/Contents/Home
PATH=/Users/yurabraiko/monocov/bin:/Users/yurabraiko/monocov:/Users/yurabraiko/.rbenv/shims:/Users/yurabraiko/anaconda/bin:/Library/Frameworks/Python.framework/Versions/3.6/bin:/Users/yurabraiko/.cabal/bin:/opt/local/bin/:/Users/yurabraiko/.local/bin/:/Users/yurabraiko/Library/Android/sdk/platform-tools/:/usr/local/bin:/usr/bin:/bin:/usr/sbin:/sbin:/opt/X11/bin:/usr/local/go/bin:/Library/Frameworks/Mono.framework/Versions/Current/Commands:/Library/TeX/texbin:/Users/yurabraiko/Software/ruby/bin
SHELL=/bin/bash
DISPLAY=/private/tmp/com.apple.launchd.PUjwFIV5Bk/org.macosforge.xquartz:0

Signal Handlers:
SIGSEGV: [libjvm.dylib+0x5b0579], sa_mask[0]=11111111011111110111111111111111, sa_flags=SA_ONSTACK|SA_RESTART|SA_SIGINFO
SIGBUS: [libjvm.dylib+0x5b0579], sa_mask[0]=11111111011111110111111111111111, sa_flags=SA_RESTART|SA_SIGINFO
SIGFPE: [libjvm.dylib+0x4874e4], sa_mask[0]=11111111011111110111111111111111, sa_flags=SA_RESTART|SA_SIGINFO
SIGPIPE: [libjvm.dylib+0x4874e4], sa_mask[0]=11111111011111110111111111111111, sa_flags=SA_RESTART|SA_SIGINFO
SIGXFSZ: [libjvm.dylib+0x4874e4], sa_mask[0]=11111111011111110111111111111111, sa_flags=SA_RESTART|SA_SIGINFO
SIGILL: [libjvm.dylib+0x4874e4], sa_mask[0]=11111111011111110111111111111111, sa_flags=SA_RESTART|SA_SIGINFO
SIGUSR1: SIG_DFL, sa_mask[0]=00000000000000000000000000000000, sa_flags=none
SIGUSR2: [libjvm.dylib+0x487002], sa_mask[0]=00100000000000000000000000000000, sa_flags=SA_RESTART|SA_SIGINFO
SIGHUP: [libjvm.dylib+0x4855d9], sa_mask[0]=11111111011111110111111111111111, sa_flags=SA_RESTART|SA_SIGINFO
SIGINT: [libjvm.dylib+0x4855d9], sa_mask[0]=11111111011111110111111111111111, sa_flags=SA_RESTART|SA_SIGINFO
SIGTERM: [libjvm.dylib+0x4855d9], sa_mask[0]=11111111011111110111111111111111, sa_flags=SA_RESTART|SA_SIGINFO
SIGQUIT: [libjvm.dylib+0x4855d9], sa_mask[0]=11111111011111110111111111111111, sa_flags=SA_RESTART|SA_SIGINFO


---------------  S Y S T E M  ---------------

OS:Bsduname:Darwin 16.5.0 Darwin Kernel Version 16.5.0: Fri Mar  3 16:52:33 PST 2017; root:xnu-3789.51.2~3/RELEASE_X86_64 x86_64
rlimit: STACK 8192k, CORE 0k, NPROC 709, NOFILE 10240, AS infinity
load average:2.61 2.41 2.38

CPU:total 8 (4 cores per cpu, 2 threads per core) family 6 model 70 stepping 1, cmov, cx8, fxsr, mmx, sse, sse2, sse3, ssse3, sse4.1, sse4.2, popcnt, avx, avx2, aes, clmul, erms, rtm, lzcnt, ht, tsc, tscinvbit, bmi1, bmi2

Memory: 4k page, physical 16777216k(14828k free)

/proc/meminfo:


vm_info: Java HotSpot(TM) 64-Bit Server VM (25.102-b14) for bsd-amd64 JRE (1.8.0_102-b14), built on Jun 22 2016 11:42:36 by "java_re" with gcc 4.2.1 (Based on Apple Inc. build 5658) (LLVM build 2336.11.00)

time: Sat May 13 17:18:58 2017
elapsed time: 5026 seconds (0d 1h 23m 46s)

